/home/jules/.pyenv/versions/3.12.12/lib/python3.12/site-packages/django/core/handlers/base.py:62: UserWarning: No directory at: /app/staticfiles/
  mw_instance = middleware(adapted_handler)
Error: That port is already in use.
[10/Mar/2026 19:26:33] "GET /canteen/analytics/expert/ HTTP/1.1" 302 0
[10/Mar/2026 19:26:33] "GET /canteen/auth/login/?next=/canteen/analytics/expert/ HTTP/1.1" 405 10502
[10/Mar/2026 19:26:33] "GET /static_v2/rest_framework/css/bootstrap.min.css HTTP/1.1" 404 179
[10/Mar/2026 19:26:33] "GET /static_v2/rest_framework/css/bootstrap-tweaks.css HTTP/1.1" 404 179
[10/Mar/2026 19:26:33] "GET /static_v2/rest_framework/js/bootstrap.min.js HTTP/1.1" 404 179
[10/Mar/2026 19:26:33] "GET /static_v2/rest_framework/css/prettify.css HTTP/1.1" 404 179
[10/Mar/2026 19:26:33] "GET /static_v2/rest_framework/js/csrf.js HTTP/1.1" 404 179
[10/Mar/2026 19:26:33] "GET /static_v2/rest_framework/js/prettify-min.js HTTP/1.1" 404 179
[10/Mar/2026 19:26:33] "GET /static_v2/rest_framework/js/jquery-3.7.1.min.js HTTP/1.1" 404 179
[10/Mar/2026 19:26:33] "GET /static_v2/rest_framework/js/ajax-form.js HTTP/1.1" 404 179
[10/Mar/2026 19:26:33] "GET /static_v2/rest_framework/css/default.css HTTP/1.1" 404 179
[10/Mar/2026 19:26:33] "GET /static_v2/rest_framework/js/load-ajax-form.js HTTP/1.1" 404 179
[10/Mar/2026 19:26:33] "GET /static_v2/rest_framework/js/default.js HTTP/1.1" 404 179
[10/Mar/2026 19:27:03] "GET /canteen/analytics/expert/ HTTP/1.1" 302 0
[10/Mar/2026 19:27:03] "GET /canteen/auth/login/?next=/canteen/analytics/expert/ HTTP/1.1" 405 10502
[10/Mar/2026 19:27:03] "GET /static_v2/rest_framework/js/jquery-3.7.1.min.js HTTP/1.1" 404 179
[10/Mar/2026 19:27:03] "GET /static_v2/rest_framework/css/bootstrap.min.css HTTP/1.1" 404 179
[10/Mar/2026 19:27:03] "GET /static_v2/rest_framework/js/csrf.js HTTP/1.1" 404 179
[10/Mar/2026 19:27:03] "GET /static_v2/rest_framework/js/ajax-form.js HTTP/1.1" 404 179
[10/Mar/2026 19:27:03] "GET /static_v2/rest_framework/css/default.css HTTP/1.1" 404 179
[10/Mar/2026 19:27:03] "GET /static_v2/rest_framework/css/bootstrap-tweaks.css HTTP/1.1" 404 179
[10/Mar/2026 19:27:03] "GET /static_v2/rest_framework/js/bootstrap.min.js HTTP/1.1" 404 179
[10/Mar/2026 19:27:03] "GET /static_v2/rest_framework/js/default.js HTTP/1.1" 404 179
[10/Mar/2026 19:27:03] "GET /static_v2/rest_framework/css/prettify.css HTTP/1.1" 404 179
[10/Mar/2026 19:27:03] "GET /static_v2/rest_framework/js/prettify-min.js HTTP/1.1" 404 179
[10/Mar/2026 19:27:03] "GET /static_v2/rest_framework/js/load-ajax-form.js HTTP/1.1" 404 179
[10/Mar/2026 19:27:33] "GET / HTTP/1.1" 200 25851
[10/Mar/2026 19:27:35] "POST /canteen/auth/login/ HTTP/1.1" 200 188
[10/Mar/2026 19:27:36] "GET /canteen/analytics/expert/ HTTP/1.1" 200 56504
[10/Mar/2026 19:27:36] "GET /static_v2/js/html5-qrcode.min.js HTTP/1.1" 404 179
[10/Mar/2026 19:27:36] "GET /static_v2/js/browser-image-compression.js HTTP/1.1" 404 179
[10/Mar/2026 19:27:36] "GET /static_v2/js/dexie.min.js HTTP/1.1" 404 179
[10/Mar/2026 19:27:36] "GET /static_v2/js/auth_manager.js?v=1.1 HTTP/1.1" 404 179
[10/Mar/2026 19:27:36] "GET /static_v2/js/camera_helper.js HTTP/1.1" 404 179
[10/Mar/2026 19:27:36] "GET /static_v2/js/pwa_install.js?v=1.0 HTTP/1.1" 404 179
[10/Mar/2026 19:27:36] "GET /static_v2/js/offline_manager.js?v=2.0 HTTP/1.1" 404 179
/home/jules/.pyenv/versions/3.12.12/lib/python3.12/site-packages/rest_framework/pagination.py:207: UnorderedObjectListWarning: Pagination may yield inconsistent results with an unordered object_list: <class 'students.models.SystemMessage'> QuerySet.
  paginator = self.django_paginator_class(queryset, page_size)
[10/Mar/2026 19:27:36] "GET /canteen/api/system_messages/ HTTP/1.1" 200 52
[10/Mar/2026 19:27:36] "GET /canteen/api/pending_updates/count/ HTTP/1.1" 200 11
[10/Mar/2026 19:27:36] "GET /service-worker.js HTTP/1.1" 200 4714
[10/Mar/2026 19:27:36] "GET /canteen/ HTTP/1.1" 302 0
[10/Mar/2026 19:27:36] "GET /canteen/ui/ HTTP/1.1" 200 61243
[10/Mar/2026 19:27:36] "GET /canteen/management/ HTTP/1.1" 200 84778
[10/Mar/2026 19:27:36] "GET /canteen/dashboard/ HTTP/1.1" 200 40093
[10/Mar/2026 19:27:36] "GET /canteen/settings/ HTTP/1.1" 200 97438
[10/Mar/2026 19:27:36] "GET /static_v2/manifest.json HTTP/1.1" 404 179
[10/Mar/2026 19:27:36] "GET /canteen/pending_updates/ HTTP/1.1" 200 42878
[10/Mar/2026 19:27:36] "GET /static_v2/images/logo.png HTTP/1.1" 404 179
Performing system checks...

System check identified no issues (0 silenced).
Running migrations on startup...
Operations to perform:
  Apply all migrations: admin, auth, contenttypes, sessions, students
Running migrations:
  No migrations to apply.
March 10, 2026 - 19:26:05
Django version 6.0.2, using settings 'School_Management.settings'
Starting development server at http://0.0.0.0:8000/
Quit the server with CONTROL-C.

WARNING: This is a development server. Do not use it in a production setting. Use a production WSGI or ASGI server instead.
For more information on production servers see: https://docs.djangoproject.com/en/6.0/howto/deployment/
