Watching for file changes with StatReloader
[23/Feb/2026 08:00:38] "GET /canteen/ HTTP/1.1" 200 25768
Forbidden: /canteen/auth/login/
[23/Feb/2026 08:00:40] "POST /canteen/auth/login/ HTTP/1.1" 403 54
[23/Feb/2026 08:00:52] "GET /canteen/management/ HTTP/1.1" 302 0
[23/Feb/2026 08:00:52] "GET /canteen/ HTTP/1.1" 200 25768
/app/students/auth_views.py changed, reloading.
Performing system checks...

System check identified no issues (0 silenced).
Running migrations on startup...
Operations to perform:
  Apply all migrations: admin, auth, contenttypes, sessions, students
Running migrations:
  No migrations to apply.
February 23, 2026 - 08:00:25
Django version 6.0.2, using settings 'School_Management.settings'
Starting development server at http://0.0.0.0:8001/
Quit the server with CONTROL-C.

WARNING: This is a development server. Do not use it in a production setting. Use a production WSGI or ASGI server instead.
For more information on production servers see: https://docs.djangoproject.com/en/6.0/howto/deployment/
Performing system checks...

System check identified no issues (0 silenced).
Running migrations on startup...
Operations to perform:
  Apply all migrations: admin, auth, contenttypes, sessions, students
Running migrations:
  No migrations to apply.
February 23, 2026 - 07:59:39
Django version 6.0.2, using settings 'School_Management.settings'
Starting development server at http://0.0.0.0:8000/
Quit the server with CONTROL-C.

WARNING: This is a development server. Do not use it in a production setting. Use a production WSGI or ASGI server instead.
For more information on production servers see: https://docs.djangoproject.com/en/6.0/howto/deployment/
Watching for file changes with StatReloader
/home/jules/.pyenv/versions/3.12.12/lib/python3.12/site-packages/django/core/handlers/base.py:62: UserWarning: No directory at: /app/staticfiles/
  mw_instance = middleware(adapted_handler)
/app/School_Management/settings.py changed, reloading.
Performing system checks...

System check identified no issues (0 silenced).
Running migrations on startup...
Operations to perform:
  Apply all migrations: admin, auth, contenttypes, sessions, students
Running migrations:
  No migrations to apply.
February 23, 2026 - 08:01:32
Django version 6.0.2, using settings 'School_Management.settings'
Starting development server at http://0.0.0.0:8001/
Quit the server with CONTROL-C.

WARNING: This is a development server. Do not use it in a production setting. Use a production WSGI or ASGI server instead.
For more information on production servers see: https://docs.djangoproject.com/en/6.0/howto/deployment/
Performing system checks...

System check identified no issues (0 silenced).
Running migrations on startup...
Operations to perform:
  Apply all migrations: admin, auth, contenttypes, sessions, students
Running migrations:
  No migrations to apply.
February 23, 2026 - 08:01:32
Django version 6.0.2, using settings 'School_Management.settings'
Starting development server at http://0.0.0.0:8000/
Quit the server with CONTROL-C.

WARNING: This is a development server. Do not use it in a production setting. Use a production WSGI or ASGI server instead.
For more information on production servers see: https://docs.djangoproject.com/en/6.0/howto/deployment/
Watching for file changes with StatReloader
/home/jules/.pyenv/versions/3.12.12/lib/python3.12/site-packages/django/core/handlers/base.py:62: UserWarning: No directory at: /app/staticfiles/
  mw_instance = middleware(adapted_handler)
